nohup: les entrées sont ignorées

> buy01-web@0.0.0 start
> ng serve

- Building...

Initial chunk files | Names         |  Raw size
polyfills.js        | polyfills     |  88.09 kB | 
main.js             | main          |  23.21 kB | 
styles.css          | styles        |   1.59 kB | 

                    | Initial total | 112.88 kB

Application bundle generation complete. [2.184 seconds]

Watch mode enabled. Watching for file changes...
  ➜  Local:   http://localhost:4200/
- Changes detected. Rebuilding...

Initial chunk files | Names | Raw size
main.js             | main  | 27.49 kB | 

Application bundle generation complete. [0.973 seconds]

Page reload sent to client(s).
- Changes detected. Rebuilding...

Application bundle generation failed. [2.078 seconds]

✘ [ERROR] NG8001: 'app-layout' is not a known element:
1. If 'app-layout' is an Angular component, then verify that it is part of this module.
2. If 'app-layout' is a Web Component then add 'CUSTOM_ELEMENTS_SCHEMA' to the '@NgModule.schemas' of this component to suppress this message. [plugin angular-compiler]

    src/app/app.component.html:0:0:
      0 │ 
        ╵ ^

  Error occurs in the template of component AppComponent.

    src/app/app.component.ts:5:15:
      5 │   templateUrl: './app.component.html',
        ╵                ~~~~~~~~~~~~~~~~~~~~~~


- Changes detected. Rebuilding...

Application bundle generation failed. [0.262 seconds]

✘ [ERROR] NG8001: 'app-layout' is not a known element:
1. If 'app-layout' is an Angular component, then verify that it is part of this module.
2. If 'app-layout' is a Web Component then add 'CUSTOM_ELEMENTS_SCHEMA' to the '@NgModule.schemas' of this component to suppress this message. [plugin angular-compiler]

    src/app/app.component.html:0:0:
      0 │ 
        ╵ ^

  Error occurs in the template of component AppComponent.

    src/app/app.component.ts:5:15:
      5 │   templateUrl: './app.component.html',
        ╵                ~~~~~~~~~~~~~~~~~~~~~~


✘ [ERROR] TS-991010: Value at position 1 in the NgModule.declarations of AppModule is not a reference
  Value could not be determined statically. [plugin angular-compiler]

    src/app/app.module.ts:11:16:
      11 │   declarations: [
         ╵                 ^

  Unknown reference.

    src/app/app.module.ts:13:4:
      13 │     LayoutComponent
         ╵     ~~~~~~~~~~~~~~~


✘ [ERROR] TS2304: Cannot find name 'LayoutComponent'. [plugin angular-compiler]

    src/app/app.module.ts:13:4:
      13 │     LayoutComponent
         ╵     ~~~~~~~~~~~~~~~


- Changes detected. Rebuilding...

Application bundle generation failed. [0.715 seconds]

✘ [ERROR] NG8001: 'app-layout' is not a known element:
1. If 'app-layout' is an Angular component, then verify that it is part of this module.
2. If 'app-layout' is a Web Component then add 'CUSTOM_ELEMENTS_SCHEMA' to the '@NgModule.schemas' of this component to suppress this message. [plugin angular-compiler]

    src/app/app.component.html:0:0:
      0 │ 
        ╵ ^

  Error occurs in the template of component AppComponent.

    src/app/app.component.ts:5:15:
      5 │   templateUrl: './app.component.html',
        ╵                ~~~~~~~~~~~~~~~~~~~~~~


- Changes detected. Rebuilding...

Application bundle generation failed. [0.575 seconds]

✘ [ERROR] NG8001: 'app-layout' is not a known element:
1. If 'app-layout' is an Angular component, then verify that it is part of this module.
2. If 'app-layout' is a Web Component then add 'CUSTOM_ELEMENTS_SCHEMA' to the '@NgModule.schemas' of this component to suppress this message. [plugin angular-compiler]

    src/app/app.component.html:0:0:
      0 │ 
        ╵ ^

  Error occurs in the template of component AppComponent.

    src/app/app.component.ts:5:15:
      5 │   templateUrl: './app.component.html',
        ╵                ~~~~~~~~~~~~~~~~~~~~~~


✘ [ERROR] TS-991010: Value at position 2 in the NgModule.declarations of AppModule is not a reference
  Value could not be determined statically. [plugin angular-compiler]

    src/app/app.module.ts:12:16:
      12 │   declarations: [
         ╵                 ^

  Unknown reference.

    src/app/app.module.ts:15:4:
      15 │     LoginComponent,
         ╵     ~~~~~~~~~~~~~~


✘ [ERROR] TS2304: Cannot find name 'LoginComponent'. [plugin angular-compiler]

    src/app/app.module.ts:15:4:
      15 │     LoginComponent,
         ╵     ~~~~~~~~~~~~~~


✘ [ERROR] TS2304: Cannot find name 'RegisterComponent'. [plugin angular-compiler]

    src/app/app.module.ts:16:4:
      16 │     RegisterComponent
         ╵     ~~~~~~~~~~~~~~~~~


✘ [ERROR] NG8001: 'router-outlet' is not a known element:
1. If 'router-outlet' is an Angular component, then verify that it is part of this module.
2. If 'router-outlet' is a Web Component then add 'CUSTOM_ELEMENTS_SCHEMA' to the '@NgModule.schemas' of this component to suppress this message. [plugin angular-compiler]

    src/app/core/components/layout/layout.component.html:31:2:
      31 │   <router-outlet></router-outlet>
         ╵   ~~~~~~~~~~~~~~~

  Error occurs in the template of component LayoutComponent.

    src/app/core/components/layout/layout.component.ts:7:17:
      7 │     templateUrl: './layout.component.html',
        ╵                  ~~~~~~~~~~~~~~~~~~~~~~~~~


- Changes detected. Rebuilding...

Application bundle generation failed. [0.953 seconds]

✘ [ERROR] NG8001: 'app-layout' is not a known element:
1. If 'app-layout' is an Angular component, then verify that it is part of this module.
2. If 'app-layout' is a Web Component then add 'CUSTOM_ELEMENTS_SCHEMA' to the '@NgModule.schemas' of this component to suppress this message. [plugin angular-compiler]

    src/app/app.component.html:0:0:
      0 │ 
        ╵ ^

  Error occurs in the template of component AppComponent.

    src/app/app.component.ts:5:15:
      5 │   templateUrl: './app.component.html',
        ╵                ~~~~~~~~~~~~~~~~~~~~~~


- Changes detected. Rebuilding...

Application bundle generation failed. [0.473 seconds]

✘ [ERROR] NG8001: 'app-layout' is not a known element:
1. If 'app-layout' is an Angular component, then verify that it is part of this module.
2. If 'app-layout' is a Web Component then add 'CUSTOM_ELEMENTS_SCHEMA' to the '@NgModule.schemas' of this component to suppress this message. [plugin angular-compiler]

    src/app/app.component.html:0:0:
      0 │ 
        ╵ ^

  Error occurs in the template of component AppComponent.

    src/app/app.component.ts:5:15:
      5 │   templateUrl: './app.component.html',
        ╵                ~~~~~~~~~~~~~~~~~~~~~~


✘ [ERROR] TS-991010: Value at position 4 in the NgModule.declarations of AppModule is not a reference
  Value could not be determined statically. [plugin angular-compiler]

    src/app/app.module.ts:14:16:
      14 │   declarations: [
         ╵                 ^

  Unknown reference.

    src/app/app.module.ts:19:4:
      19 │     ProductListComponent
         ╵     ~~~~~~~~~~~~~~~~~~~~


✘ [ERROR] TS2304: Cannot find name 'ProductListComponent'. [plugin angular-compiler]

    src/app/app.module.ts:19:4:
      19 │     ProductListComponent
         ╵     ~~~~~~~~~~~~~~~~~~~~


✘ [ERROR] NG8001: 'router-outlet' is not a known element:
1. If 'router-outlet' is an Angular component, then verify that it is part of this module.
2. If 'router-outlet' is a Web Component then add 'CUSTOM_ELEMENTS_SCHEMA' to the '@NgModule.schemas' of this component to suppress this message. [plugin angular-compiler]

    src/app/core/components/layout/layout.component.html:31:2:
      31 │   <router-outlet></router-outlet>
         ╵   ~~~~~~~~~~~~~~~

  Error occurs in the template of component LayoutComponent.

    src/app/core/components/layout/layout.component.ts:7:17:
      7 │     templateUrl: './layout.component.html',
        ╵                  ~~~~~~~~~~~~~~~~~~~~~~~~~


✘ [ERROR] NG8002: Can't bind to 'formGroup' since it isn't a known property of 'form'. [plugin angular-compiler]

    src/app/features/auth/login/login.component.html:10:14:
      10 │         <form [formGroup]="loginForm" (ngSubmit)="onSubmit()">
         ╵               ~~~~~~~~~~~~~~~~~~~~~~~

  Error occurs in the template of component LoginComponent.

    src/app/features/auth/login/login.component.ts:8:17:
      8 │     templateUrl: './login.component.html',
        ╵                  ~~~~~~~~~~~~~~~~~~~~~~~~


✘ [ERROR] NG8002: Can't bind to 'formGroup' since it isn't a known property of 'form'. [plugin angular-compiler]

    src/app/features/auth/register/register.component.html:10:14:
      10 │         <form [formGroup]="registerForm" (ngSubmit)="onSubmit()">
         ╵               ~~~~~~~~~~~~~~~~~~~~~~~~~~

  Error occurs in the template of component RegisterComponent.

    src/app/features/auth/register/register.component.ts:8:17:
      8 │     templateUrl: './register.component.html',
        ╵                  ~~~~~~~~~~~~~~~~~~~~~~~~~~~


- Changes detected. Rebuilding...

Application bundle generation failed. [0.554 seconds]

✘ [ERROR] NG8001: 'app-layout' is not a known element:
1. If 'app-layout' is an Angular component, then verify that it is part of this module.
2. If 'app-layout' is a Web Component then add 'CUSTOM_ELEMENTS_SCHEMA' to the '@NgModule.schemas' of this component to suppress this message. [plugin angular-compiler]

    src/app/app.component.html:0:0:
      0 │ 
        ╵ ^

  Error occurs in the template of component AppComponent.

    src/app/app.component.ts:5:15:
      5 │   templateUrl: './app.component.html',
        ╵                ~~~~~~~~~~~~~~~~~~~~~~


✘ [ERROR] TS-996001: The class 'ProductListComponent' is listed in the declarations of the NgModule 'AppModule', but is not a directive, a component, or a pipe. Either remove it from the NgModule's declarations, or add an appropriate Angular decorator. [plugin angular-compiler]

    src/app/app.module.ts:20:4:
      20 │     ProductListComponent
         ╵     ~~~~~~~~~~~~~~~~~~~~

  'ProductListComponent' is declared here.

    src/app/features/product/product-list/product-list.component.ts:10:13:
      10 │ export class ProductListComponent implements OnInit {
         ╵              ~~~~~~~~~~~~~~~~~~~~


✘ [ERROR] TS2307: Cannot find module '../../../../core/services/api.service' or its corresponding type declarations. [plugin angular-compiler]

    src/app/features/product/product-list/product-list.component.ts:2:27:
      2 │ import { ApiService } from '../../../../core/services/api.service';
        ╵                            ~~~~~~~~~~~~~~~~~~~~~~~~~~~~~~~~~~~~~~~


✘ [ERROR] TS-992003: No suitable injection token for parameter 'api' of class 'ProductListComponent'.
  Consider using the @Inject decorator to specify an injection token. [plugin angular-compiler]

    src/app/features/product/product-list/product-list.component.ts:13:24:
      13 │     constructor(private api: ApiService) {
         ╵                         ~~~

  This type does not have a value, so it cannot be used as injection token.

    src/app/features/product/product-list/product-list.component.ts:13:29:
      13 │     constructor(private api: ApiService) {
         ╵                              ~~~~~~~~~~


- Changes detected. Rebuilding...

Application bundle generation failed. [0.766 seconds]

✘ [ERROR] NG8001: 'app-layout' is not a known element:
1. If 'app-layout' is an Angular component, then verify that it is part of this module.
2. If 'app-layout' is a Web Component then add 'CUSTOM_ELEMENTS_SCHEMA' to the '@NgModule.schemas' of this component to suppress this message. [plugin angular-compiler]

    src/app/app.component.html:0:0:
      0 │ 
        ╵ ^

  Error occurs in the template of component AppComponent.

    src/app/app.component.ts:5:15:
      5 │   templateUrl: './app.component.html',
        ╵                ~~~~~~~~~~~~~~~~~~~~~~


- Changes detected. Rebuilding...

Application bundle generation failed. [0.706 seconds]

✘ [ERROR] TS2300: Duplicate identifier 'RouterModule'. [plugin angular-compiler]

    src/app/app-routing.module.ts:2:9:
      2 │ import { RouterModule, Routes } from '@angular/router';
        ╵          ~~~~~~~~~~~~


✘ [ERROR] TS2300: Duplicate identifier 'Routes'. [plugin angular-compiler]

    src/app/app-routing.module.ts:2:23:
      2 │ import { RouterModule, Routes } from '@angular/router';
        ╵                        ~~~~~~


✘ [ERROR] TS2300: Duplicate identifier 'RouterModule'. [plugin angular-compiler]

    src/app/app-routing.module.ts:4:9:
      4 │ import { RouterModule, Routes } from '@angular/router';
        ╵          ~~~~~~~~~~~~


✘ [ERROR] TS2300: Duplicate identifier 'Routes'. [plugin angular-compiler]

    src/app/app-routing.module.ts:4:23:
      4 │ import { RouterModule, Routes } from '@angular/router';
        ╵                        ~~~~~~


✘ [ERROR] NG8001: 'app-layout' is not a known element:
1. If 'app-layout' is an Angular component, then verify that it is part of this module.
2. If 'app-layout' is a Web Component then add 'CUSTOM_ELEMENTS_SCHEMA' to the '@NgModule.schemas' of this component to suppress this message. [plugin angular-compiler]

    src/app/app.component.html:0:0:
      0 │ 
        ╵ ^

  Error occurs in the template of component AppComponent.

    src/app/app.component.ts:5:15:
      5 │   templateUrl: './app.component.html',
        ╵                ~~~~~~~~~~~~~~~~~~~~~~


- Changes detected. Rebuilding...

Application bundle generation failed. [0.247 seconds]

✘ [ERROR] NG8001: 'app-layout' is not a known element:
1. If 'app-layout' is an Angular component, then verify that it is part of this module.
2. If 'app-layout' is a Web Component then add 'CUSTOM_ELEMENTS_SCHEMA' to the '@NgModule.schemas' of this component to suppress this message. [plugin angular-compiler]

    src/app/app.component.html:0:0:
      0 │ 
        ╵ ^

  Error occurs in the template of component AppComponent.

    src/app/app.component.ts:5:15:
      5 │   templateUrl: './app.component.html',
        ╵                ~~~~~~~~~~~~~~~~~~~~~~


